Using pre-set license
Built from '2021.3/staging' branch; Version is '2021.3.7f1 (24e8595d6d43) revision 2418777'; Using compiler version '192829333'; Build Type 'Release'
OS: 'Windows 11  (10.0.22000) 64bit CoreSingleLanguage' Language: 'en' Physical Memory: 15790 MB
BatchMode: 1, IsHumanControllingUs: 0, StartBugReporterOnCrash: 0, Is64bit: 1, IsPro: 1

COMMAND LINE ARGUMENTS:
D:\Unity Hub\Editor\2021.3.7f1\Editor\Unity.exe
-adb2
-batchMode
-noUpm
-name
AssetImportWorker8
-projectPath
D:/GitHub/cognition2022/project
-logFile
Logs/AssetImportWorker8.log
-srvPort
63265
Successfully changed project path to: D:/GitHub/cognition2022/project
D:/GitHub/cognition2022/project
[UnityMemory] Configuration Parameters - Can be set up in boot.config
    "memorysetup-bucket-allocator-granularity=16"
    "memorysetup-bucket-allocator-bucket-count=8"
    "memorysetup-bucket-allocator-block-size=33554432"
    "memorysetup-bucket-allocator-block-count=8"
    "memorysetup-main-allocator-block-size=16777216"
    "memorysetup-thread-allocator-block-size=16777216"
    "memorysetup-gfx-main-allocator-block-size=16777216"
    "memorysetup-gfx-thread-allocator-block-size=16777216"
    "memorysetup-cache-allocator-block-size=4194304"
    "memorysetup-typetree-allocator-block-size=2097152"
    "memorysetup-profiler-bucket-allocator-granularity=16"
    "memorysetup-profiler-bucket-allocator-bucket-count=8"
    "memorysetup-profiler-bucket-allocator-block-size=33554432"
    "memorysetup-profiler-bucket-allocator-block-count=8"
    "memorysetup-profiler-allocator-block-size=16777216"
    "memorysetup-profiler-editor-allocator-block-size=1048576"
    "memorysetup-temp-allocator-size-main=16777216"
    "memorysetup-job-temp-allocator-block-size=2097152"
    "memorysetup-job-temp-allocator-block-size-background=1048576"
    "memorysetup-job-temp-allocator-reduction-small-platforms=262144"
    "memorysetup-temp-allocator-size-background-worker=32768"
    "memorysetup-temp-allocator-size-job-worker=262144"
    "memorysetup-temp-allocator-size-preload-manager=33554432"
    "memorysetup-temp-allocator-size-nav-mesh-worker=65536"
    "memorysetup-temp-allocator-size-audio-worker=65536"
    "memorysetup-temp-allocator-size-cloud-worker=32768"
    "memorysetup-temp-allocator-size-gi-baking-worker=262144"
    "memorysetup-temp-allocator-size-gfx=262144"
Refreshing native plugins compatible for Editor in 134.79 ms, found 3 plugins.
Preloading 0 native plugins for Editor in 0.00 ms.
Initialize engine version: 2021.3.7f1 (24e8595d6d43)
[Subsystems] Discovering subsystems at path D:/Unity Hub/Editor/2021.3.7f1/Editor/Data/Resources/UnitySubsystems
[Subsystems] Discovering subsystems at path D:/GitHub/cognition2022/project/Assets
GfxDevice: creating device client; threaded=0; jobified=0
Direct3D:
    Version:  Direct3D 11.0 [level 11.1]
    Renderer: NVIDIA GeForce RTX 3050 Laptop GPU (ID=0x25a2)
    Vendor:   NVIDIA
    VRAM:     3991 MB
    Driver:   30.0.15.1278
Initialize mono
Mono path[0] = 'D:/Unity Hub/Editor/2021.3.7f1/Editor/Data/Managed'
Mono path[1] = 'D:/Unity Hub/Editor/2021.3.7f1/Editor/Data/MonoBleedingEdge/lib/mono/unityjit-win32'
Mono config path = 'D:/Unity Hub/Editor/2021.3.7f1/Editor/Data/MonoBleedingEdge/etc'
Using monoOptions --debugger-agent=transport=dt_socket,embedding=1,server=y,suspend=n,address=127.0.0.1:56232
Begin MonoManager ReloadAssembly
Registering precompiled unity dll's ...
Register platform support module: D:/Unity Hub/Editor/2021.3.7f1/Editor/Data/PlaybackEngines/WindowsStandaloneSupport/UnityEditor.WindowsStandalone.Extensions.dll
Registered in 0.002151 seconds.
Native extension for WindowsStandalone target not found
Refreshing native plugins compatible for Editor in 108.24 ms, found 3 plugins.
Preloading 0 native plugins for Editor in 0.00 ms.
Mono: successfully reloaded assembly
- Completed reload, in  0.697 seconds
Domain Reload Profiling:
	ReloadAssembly (697ms)
		BeginReloadAssembly (96ms)
			ExecutionOrderSort (0ms)
			DisableScriptedObjects (0ms)
			BackupInstance (0ms)
			ReleaseScriptingObjects (0ms)
			CreateAndSetChildDomain (1ms)
		EndReloadAssembly (492ms)
			LoadAssemblies (95ms)
			RebuildTransferFunctionScriptingTraits (0ms)
			SetupTypeCache (115ms)
			ReleaseScriptCaches (0ms)
			RebuildScriptCaches (31ms)
			SetupLoadedEditorAssemblies (295ms)
				LogAssemblyErrors (0ms)
				InitializePlatformSupportModulesInManaged (7ms)
				SetLoadedEditorAssemblies (0ms)
				RefreshPlugins (108ms)
				BeforeProcessingInitializeOnLoad (1ms)
				ProcessInitializeOnLoadAttributes (130ms)
				ProcessInitializeOnLoadMethodAttributes (47ms)
				AfterProcessingInitializeOnLoad (0ms)
				EditorAssembliesLoaded (0ms)
			ExecutionOrderSort2 (0ms)
			AwakeInstancesAfterBackupRestoration (0ms)
Platform modules already initialized, skipping
Registering precompiled user dll's ...
Registered in 0.005670 seconds.
Begin MonoManager ReloadAssembly
Symbol file LoadedFromMemory doesn't match image D:\GitHub\cognition2022\project\Library\PackageCache\com.unity.visualscripting@1.7.8\Editor\VisualScripting.Core\Dependencies\YamlDotNet\Unity.VisualScripting.YamlDotNet.dll
Symbol file LoadedFromMemory doesn't match image D:\GitHub\cognition2022\project\Library\PackageCache\com.unity.visualscripting@1.7.8\Editor\VisualScripting.Core\Dependencies\DotNetZip\Unity.VisualScripting.IonicZip.dll
Native extension for WindowsStandalone target not found
Refreshing native plugins compatible for Editor in 1.01 ms, found 3 plugins.
Preloading 0 native plugins for Editor in 0.00 ms.
[ScriptCompilation] NOT recompiling all scripts because this is an import worker process. Reason to compile was: Define symbols changed
Mono: successfully reloaded assembly
- Completed reload, in  1.137 seconds
Domain Reload Profiling:
	ReloadAssembly (1137ms)
		BeginReloadAssembly (133ms)
			ExecutionOrderSort (0ms)
			DisableScriptedObjects (6ms)
			BackupInstance (0ms)
			ReleaseScriptingObjects (0ms)
			CreateAndSetChildDomain (21ms)
		EndReloadAssembly (878ms)
			LoadAssemblies (110ms)
			RebuildTransferFunctionScriptingTraits (0ms)
			SetupTypeCache (277ms)
			ReleaseScriptCaches (1ms)
			RebuildScriptCaches (60ms)
			SetupLoadedEditorAssemblies (408ms)
				LogAssemblyErrors (0ms)
				InitializePlatformSupportModulesInManaged (5ms)
				SetLoadedEditorAssemblies (1ms)
				RefreshPlugins (1ms)
				BeforeProcessingInitializeOnLoad (90ms)
				ProcessInitializeOnLoadAttributes (278ms)
				ProcessInitializeOnLoadMethodAttributes (31ms)
				AfterProcessingInitializeOnLoad (2ms)
				EditorAssembliesLoaded (0ms)
			ExecutionOrderSort2 (0ms)
			AwakeInstancesAfterBackupRestoration (6ms)
Platform modules already initialized, skipping
========================================================================
Worker process is ready to serve import requests
Launched and connected shader compiler UnityShaderCompiler.exe after 0.04 seconds
Refreshing native plugins compatible for Editor in 1.92 ms, found 3 plugins.
Preloading 0 native plugins for Editor in 0.00 ms.
Unloading 3507 Unused Serialized files (Serialized files now loaded: 0)
Unloading 29 unused Assets / (458.1 KB). Loaded Objects now: 3969.
Memory consumption went from 130.6 MB to 130.2 MB.
Total: 3.682900 ms (FindLiveObjects: 0.386200 ms CreateObjectMapping: 0.116900 ms MarkObjects: 2.899600 ms  DeleteObjects: 0.278800 ms)

AssetImportParameters requested are different than current active one (requested -> active):
  custom:video-decoder-ogg-theora: a1e56fd34408186e4bbccfd4996cb3dc -> 
  custom:container-muxer-webm: aa71ff27fc2769a1b78a27578f13a17b -> 
  custom:container-demuxer-webm: 4f35f7cbe854078d1ac9338744f61a02 -> 
  custom:video-encoder-webm-vp8: eb34c28f22e8b96e1ab97ce403110664 -> 
  custom:video-codec-MediaFoundation-h265: 746d11721c4dcdbdad8f713fa42b33f4 -> 
  custom:audio-encoder-webm-vorbis: bf7c407c2cedff20999df2af8eb42d56 -> 
  custom:framework-win-MediaFoundation: 216162199b28c13a410421893ffa2e32 -> 
  custom:container-demuxer-ogg: 62fdf1f143b41e24485cea50d1cbac27 -> 
  custom:video-decoder-webm-vp8: 9c59270c3fd7afecdb556c50c9e8de78 -> 
  custom:audio-decoder-ogg-vorbis: bf7c407c2cedff20999df2af8eb42d56 -> 
========================================================================
Received Prepare
Registering precompiled user dll's ...
Registered in 0.007982 seconds.
Begin MonoManager ReloadAssembly
Symbol file LoadedFromMemory doesn't match image D:\GitHub\cognition2022\project\Library\PackageCache\com.unity.visualscripting@1.7.8\Editor\VisualScripting.Core\Dependencies\YamlDotNet\Unity.VisualScripting.YamlDotNet.dll
Symbol file LoadedFromMemory doesn't match image D:\GitHub\cognition2022\project\Library\PackageCache\com.unity.visualscripting@1.7.8\Editor\VisualScripting.Core\Dependencies\DotNetZip\Unity.VisualScripting.IonicZip.dll
Native extension for WindowsStandalone target not found
Refreshing native plugins compatible for Editor in 1.40 ms, found 3 plugins.
Preloading 0 native plugins for Editor in 0.00 ms.
[ScriptCompilation] NOT recompiling all scripts because this is an import worker process. Reason to compile was: Define symbols changed
Mono: successfully reloaded assembly
- Completed reload, in  1.786 seconds
Domain Reload Profiling:
	ReloadAssembly (1787ms)
		BeginReloadAssembly (239ms)
			ExecutionOrderSort (0ms)
			DisableScriptedObjects (7ms)
			BackupInstance (0ms)
			ReleaseScriptingObjects (0ms)
			CreateAndSetChildDomain (54ms)
		EndReloadAssembly (1414ms)
			LoadAssemblies (181ms)
			RebuildTransferFunctionScriptingTraits (0ms)
			SetupTypeCache (477ms)
			ReleaseScriptCaches (2ms)
			RebuildScriptCaches (84ms)
			SetupLoadedEditorAssemblies (624ms)
				LogAssemblyErrors (0ms)
				InitializePlatformSupportModulesInManaged (26ms)
				SetLoadedEditorAssemblies (1ms)
				RefreshPlugins (1ms)
				BeforeProcessingInitializeOnLoad (121ms)
				ProcessInitializeOnLoadAttributes (419ms)
				ProcessInitializeOnLoadMethodAttributes (51ms)
				AfterProcessingInitializeOnLoad (4ms)
				EditorAssembliesLoaded (0ms)
			ExecutionOrderSort2 (0ms)
			AwakeInstancesAfterBackupRestoration (10ms)
Platform modules already initialized, skipping
Refreshing native plugins compatible for Editor in 3.85 ms, found 3 plugins.
Preloading 0 native plugins for Editor in 0.00 ms.
Unloading 3483 Unused Serialized files (Serialized files now loaded: 0)
Unloading 22 unused Assets / (434.2 KB). Loaded Objects now: 3972.
Memory consumption went from 128.7 MB to 128.2 MB.
Total: 6.220400 ms (FindLiveObjects: 0.484700 ms CreateObjectMapping: 0.213100 ms MarkObjects: 4.999600 ms  DeleteObjects: 0.520400 ms)

AssetImportParameters requested are different than current active one (requested -> active):
  custom:video-decoder-ogg-theora: a1e56fd34408186e4bbccfd4996cb3dc -> 
  custom:container-muxer-webm: aa71ff27fc2769a1b78a27578f13a17b -> 
  custom:container-demuxer-webm: 4f35f7cbe854078d1ac9338744f61a02 -> 
  custom:video-encoder-webm-vp8: eb34c28f22e8b96e1ab97ce403110664 -> 
  custom:video-codec-MediaFoundation-h265: 746d11721c4dcdbdad8f713fa42b33f4 -> 
  custom:audio-encoder-webm-vorbis: bf7c407c2cedff20999df2af8eb42d56 -> 
  custom:framework-win-MediaFoundation: 216162199b28c13a410421893ffa2e32 -> 
  custom:container-demuxer-ogg: 62fdf1f143b41e24485cea50d1cbac27 -> 
  custom:video-decoder-webm-vp8: 9c59270c3fd7afecdb556c50c9e8de78 -> 
  custom:audio-decoder-ogg-vorbis: bf7c407c2cedff20999df2af8eb42d56 -> 
========================================================================
Received Import Request.
  Time since last request: 52979.268659 seconds.
  path: Assets/Horror Environment Pack 1 v1.0/Hospital_Props/Models/Bad_Cabinet_Medical.FBX
  artifactKey: Guid(72bfb96d4e9056a4d95d69ebb4a4a79d) Importer(815301076,1909f56bfc062723c751e8b465ee728b)
Start importing Assets/Horror Environment Pack 1 v1.0/Hospital_Props/Models/Bad_Cabinet_Medical.FBX using Guid(72bfb96d4e9056a4d95d69ebb4a4a79d) Importer(815301076,1909f56bfc062723c751e8b465ee728b)  -> (artifact id: 'f999adb92319d8dcfd1e3d7f2d2f5664') in 0.265384 seconds 
========================================================================
Received Import Request.
  Time since last request: 0.000041 seconds.
  path: Assets/Horror Environment Pack 1 v1.0/Office_Furniture/Models/Desk_3.FBX
  artifactKey: Guid(b9c12dc8d7b15344092109a3859edf95) Importer(815301076,1909f56bfc062723c751e8b465ee728b)
Start importing Assets/Horror Environment Pack 1 v1.0/Office_Furniture/Models/Desk_3.FBX using Guid(b9c12dc8d7b15344092109a3859edf95) Importer(815301076,1909f56bfc062723c751e8b465ee728b)  -> (artifact id: 'ab2fe360f53a7d0b095adee8eb7c2d30') in 0.090828 seconds 
========================================================================
Received Import Request.
  Time since last request: 0.000037 seconds.
  path: Assets/Horror Environment Pack 1 v1.0/Toilet_Props/Models/Cabinet_Toilet.FBX
  artifactKey: Guid(9b8f9cd78eab09942b0b578a1ccee5db) Importer(815301076,1909f56bfc062723c751e8b465ee728b)
Start importing Assets/Horror Environment Pack 1 v1.0/Toilet_Props/Models/Cabinet_Toilet.FBX using Guid(9b8f9cd78eab09942b0b578a1ccee5db) Importer(815301076,1909f56bfc062723c751e8b465ee728b)  -> (artifact id: '7c36bc42cc63437fc2d54cb8ff817edd') in 0.064059 seconds 
========================================================================
Received Import Request.
  Time since last request: 0.000039 seconds.
  path: Assets/Horror Environment Pack 1 v1.0/Office_Furniture/Models/Cupboard.FBX
  artifactKey: Guid(9e0e2041a68815f42a61da1364f7a194) Importer(815301076,1909f56bfc062723c751e8b465ee728b)
Start importing Assets/Horror Environment Pack 1 v1.0/Office_Furniture/Models/Cupboard.FBX using Guid(9e0e2041a68815f42a61da1364f7a194) Importer(815301076,1909f56bfc062723c751e8b465ee728b)  -> (artifact id: 'f3a0fff32de235106adadfa3c18654e7') in 0.066483 seconds 
========================================================================
Received Import Request.
  Time since last request: 5.457337 seconds.
  path: Assets/Horror Environment Pack 1 v1.0/!Prefabs/Architectural/Office_Corridor_Props/Office_Doorway_3-5M_Connector.prefab
  artifactKey: Guid(42b8a89ccda8fe642903e1b2ac7a00b8) Importer(815301076,1909f56bfc062723c751e8b465ee728b)
Start importing Assets/Horror Environment Pack 1 v1.0/!Prefabs/Architectural/Office_Corridor_Props/Office_Doorway_3-5M_Connector.prefab using Guid(42b8a89ccda8fe642903e1b2ac7a00b8) Importer(815301076,1909f56bfc062723c751e8b465ee728b)  -> (artifact id: '7896a0a3ee1f2de0fec9230d3e050e1c') in 0.051566 seconds 
========================================================================
Received Import Request.
  Time since last request: 642.219728 seconds.
  path: Assets/Horror Environment Pack 1 v1.0/Basement_Props/Materials/Basement_Props_ALB.mat
  artifactKey: Guid(df7cfc43e57431f459d2ca4308fb318d) Importer(815301076,1909f56bfc062723c751e8b465ee728b)
Start importing Assets/Horror Environment Pack 1 v1.0/Basement_Props/Materials/Basement_Props_ALB.mat using Guid(df7cfc43e57431f459d2ca4308fb318d) Importer(815301076,1909f56bfc062723c751e8b465ee728b)  -> (artifact id: '2b5b09436715021e4bc0c2999454e86f') in 0.034750 seconds 
========================================================================
Received Import Request.
  Time since last request: 75.072186 seconds.
  path: Assets/Horror Environment Pack 1 v1.0/!Prefabs/Basement_Props/Wood/Box_Medium.prefab
  artifactKey: Guid(c45c933198bf0aa46a70034aad786a93) Importer(815301076,1909f56bfc062723c751e8b465ee728b)
Start importing Assets/Horror Environment Pack 1 v1.0/!Prefabs/Basement_Props/Wood/Box_Medium.prefab using Guid(c45c933198bf0aa46a70034aad786a93) Importer(815301076,1909f56bfc062723c751e8b465ee728b)  -> (artifact id: '91a26a5335391cbc5f3b4297f8043ef2') in 0.091567 seconds 
========================================================================
Received Import Request.
  Time since last request: 0.000044 seconds.
  path: Assets/Horror Environment Pack 1 v1.0/!Prefabs/Basement_Props/Wood/Wood_Plane_1.prefab
  artifactKey: Guid(1ba9b8650d956cc47abe61622c9aa9ba) Importer(815301076,1909f56bfc062723c751e8b465ee728b)
Start importing Assets/Horror Environment Pack 1 v1.0/!Prefabs/Basement_Props/Wood/Wood_Plane_1.prefab using Guid(1ba9b8650d956cc47abe61622c9aa9ba) Importer(815301076,1909f56bfc062723c751e8b465ee728b)  -> (artifact id: '36607523e4770964a6886cd844f999a4') in 0.067988 seconds 
========================================================================
Received Import Request.
  Time since last request: 0.000038 seconds.
  path: Assets/Horror Environment Pack 1 v1.0/!Prefabs/Basement_Props/Wood/Wood_Plank_3.prefab
  artifactKey: Guid(f043d4fd3d824e141841b23be0ad51e1) Importer(815301076,1909f56bfc062723c751e8b465ee728b)
Start importing Assets/Horror Environment Pack 1 v1.0/!Prefabs/Basement_Props/Wood/Wood_Plank_3.prefab using Guid(f043d4fd3d824e141841b23be0ad51e1) Importer(815301076,1909f56bfc062723c751e8b465ee728b)  -> (artifact id: '0f87b743195c7affe59571e4b6a2f99d') in 0.055081 seconds 
========================================================================
Received Import Request.
  Time since last request: 0.000034 seconds.
  path: Assets/Horror Environment Pack 1 v1.0/!Prefabs/Basement_Props/Wood/Shelves.prefab
  artifactKey: Guid(dc9f254ee18d5d54d8f4fcd71a0b8c96) Importer(815301076,1909f56bfc062723c751e8b465ee728b)
Start importing Assets/Horror Environment Pack 1 v1.0/!Prefabs/Basement_Props/Wood/Shelves.prefab using Guid(dc9f254ee18d5d54d8f4fcd71a0b8c96) Importer(815301076,1909f56bfc062723c751e8b465ee728b)  -> (artifact id: '7791094c847a1cefc3de85af96baa359') in 0.068573 seconds 
========================================================================
Received Import Request.
  Time since last request: 0.000035 seconds.
  path: Assets/Horror Environment Pack 1 v1.0/!Prefabs/Basement_Props/Wood/Wood_Plane_2.prefab
  artifactKey: Guid(3f121a77635bad74c86764cabad2699a) Importer(815301076,1909f56bfc062723c751e8b465ee728b)
Start importing Assets/Horror Environment Pack 1 v1.0/!Prefabs/Basement_Props/Wood/Wood_Plane_2.prefab using Guid(3f121a77635bad74c86764cabad2699a) Importer(815301076,1909f56bfc062723c751e8b465ee728b)  -> (artifact id: 'd85b775d90cb232e3ee129f6fad90eb3') in 0.054419 seconds 
========================================================================
Received Import Request.
  Time since last request: 0.000036 seconds.
  path: Assets/Horror Environment Pack 1 v1.0/!Prefabs/Basement_Props/Wood/Wood_Frame.prefab
  artifactKey: Guid(7a379fa0067185b409db2d7846476b71) Importer(815301076,1909f56bfc062723c751e8b465ee728b)
Start importing Assets/Horror Environment Pack 1 v1.0/!Prefabs/Basement_Props/Wood/Wood_Frame.prefab using Guid(7a379fa0067185b409db2d7846476b71) Importer(815301076,1909f56bfc062723c751e8b465ee728b)  -> (artifact id: '052bb77f2bcf94d0e60a0a3afdb41980') in 0.058333 seconds 
========================================================================
Received Import Request.
  Time since last request: 0.000062 seconds.
  path: Assets/Horror Environment Pack 1 v1.0/!Prefabs/Basement_Props/Wood/Box_Small_1.prefab
  artifactKey: Guid(3ef93c0ff23d21b46b520bc43cebbeb8) Importer(815301076,1909f56bfc062723c751e8b465ee728b)
Start importing Assets/Horror Environment Pack 1 v1.0/!Prefabs/Basement_Props/Wood/Box_Small_1.prefab using Guid(3ef93c0ff23d21b46b520bc43cebbeb8) Importer(815301076,1909f56bfc062723c751e8b465ee728b)  -> (artifact id: 'a3dee9943f37a5e02e1cad6c8c6b4b07') in 0.056816 seconds 
========================================================================
Received Import Request.
  Time since last request: 0.000039 seconds.
  path: Assets/Horror Environment Pack 1 v1.0/!Prefabs/Basement_Props/Wood/Wood_Plank_1.prefab
  artifactKey: Guid(f73b0e08f2a57494db9b08c1a36e2ac5) Importer(815301076,1909f56bfc062723c751e8b465ee728b)
Start importing Assets/Horror Environment Pack 1 v1.0/!Prefabs/Basement_Props/Wood/Wood_Plank_1.prefab using Guid(f73b0e08f2a57494db9b08c1a36e2ac5) Importer(815301076,1909f56bfc062723c751e8b465ee728b)  -> (artifact id: '0c6d342a2932a02a4f6ab57e821b90ee') in 0.047362 seconds 
========================================================================
Received Import Request.
  Time since last request: 0.000034 seconds.
  path: Assets/Horror Environment Pack 1 v1.0/!Prefabs/Basement_Props/Wood/Palette.prefab
  artifactKey: Guid(3d868481cc5fea4408e4ee2dbb63f5f6) Importer(815301076,1909f56bfc062723c751e8b465ee728b)
Start importing Assets/Horror Environment Pack 1 v1.0/!Prefabs/Basement_Props/Wood/Palette.prefab using Guid(3d868481cc5fea4408e4ee2dbb63f5f6) Importer(815301076,1909f56bfc062723c751e8b465ee728b)  -> (artifact id: '7d1744f139ce8ab082ff15ca14552826') in 0.050172 seconds 
Editor requested this worker to shutdown with reason: Scaling down because of idle timeout
AssetImportWorker is now disconnected from the server
Process exiting
Exiting without the bug reporter. Application will terminate with return code 0