Using pre-set license
Built from '2021.3/staging' branch; Version is '2021.3.7f1 (24e8595d6d43) revision 2418777'; Using compiler version '192829333'; Build Type 'Release'
OS: 'Windows 11  (10.0.22000) 64bit CoreSingleLanguage' Language: 'en' Physical Memory: 15790 MB
BatchMode: 1, IsHumanControllingUs: 0, StartBugReporterOnCrash: 0, Is64bit: 1, IsPro: 1

COMMAND LINE ARGUMENTS:
D:\Unity Hub\Editor\2021.3.7f1\Editor\Unity.exe
-adb2
-batchMode
-noUpm
-name
AssetImportWorker2
-projectPath
D:/GitHub/cognition2022/project
-logFile
Logs/AssetImportWorker2.log
-srvPort
63265
Successfully changed project path to: D:/GitHub/cognition2022/project
D:/GitHub/cognition2022/project
[UnityMemory] Configuration Parameters - Can be set up in boot.config
    "memorysetup-bucket-allocator-granularity=16"
    "memorysetup-bucket-allocator-bucket-count=8"
    "memorysetup-bucket-allocator-block-size=33554432"
    "memorysetup-bucket-allocator-block-count=8"
    "memorysetup-main-allocator-block-size=16777216"
    "memorysetup-thread-allocator-block-size=16777216"
    "memorysetup-gfx-main-allocator-block-size=16777216"
    "memorysetup-gfx-thread-allocator-block-size=16777216"
    "memorysetup-cache-allocator-block-size=4194304"
    "memorysetup-typetree-allocator-block-size=2097152"
    "memorysetup-profiler-bucket-allocator-granularity=16"
    "memorysetup-profiler-bucket-allocator-bucket-count=8"
    "memorysetup-profiler-bucket-allocator-block-size=33554432"
    "memorysetup-profiler-bucket-allocator-block-count=8"
    "memorysetup-profiler-allocator-block-size=16777216"
    "memorysetup-profiler-editor-allocator-block-size=1048576"
    "memorysetup-temp-allocator-size-main=16777216"
    "memorysetup-job-temp-allocator-block-size=2097152"
    "memorysetup-job-temp-allocator-block-size-background=1048576"
    "memorysetup-job-temp-allocator-reduction-small-platforms=262144"
    "memorysetup-temp-allocator-size-background-worker=32768"
    "memorysetup-temp-allocator-size-job-worker=262144"
    "memorysetup-temp-allocator-size-preload-manager=33554432"
    "memorysetup-temp-allocator-size-nav-mesh-worker=65536"
    "memorysetup-temp-allocator-size-audio-worker=65536"
    "memorysetup-temp-allocator-size-cloud-worker=32768"
    "memorysetup-temp-allocator-size-gi-baking-worker=262144"
    "memorysetup-temp-allocator-size-gfx=262144"
Refreshing native plugins compatible for Editor in 166.32 ms, found 3 plugins.
Preloading 0 native plugins for Editor in 0.00 ms.
Initialize engine version: 2021.3.7f1 (24e8595d6d43)
[Subsystems] Discovering subsystems at path D:/Unity Hub/Editor/2021.3.7f1/Editor/Data/Resources/UnitySubsystems
[Subsystems] Discovering subsystems at path D:/GitHub/cognition2022/project/Assets
GfxDevice: creating device client; threaded=0; jobified=0
Direct3D:
    Version:  Direct3D 11.0 [level 11.1]
    Renderer: NVIDIA GeForce RTX 3050 Laptop GPU (ID=0x25a2)
    Vendor:   NVIDIA
    VRAM:     3991 MB
    Driver:   30.0.15.1278
Initialize mono
Mono path[0] = 'D:/Unity Hub/Editor/2021.3.7f1/Editor/Data/Managed'
Mono path[1] = 'D:/Unity Hub/Editor/2021.3.7f1/Editor/Data/MonoBleedingEdge/lib/mono/unityjit-win32'
Mono config path = 'D:/Unity Hub/Editor/2021.3.7f1/Editor/Data/MonoBleedingEdge/etc'
Using monoOptions --debugger-agent=transport=dt_socket,embedding=1,server=y,suspend=n,address=127.0.0.1:56108
Begin MonoManager ReloadAssembly
Registering precompiled unity dll's ...
Register platform support module: D:/Unity Hub/Editor/2021.3.7f1/Editor/Data/PlaybackEngines/WindowsStandaloneSupport/UnityEditor.WindowsStandalone.Extensions.dll
Registered in 0.002958 seconds.
Native extension for WindowsStandalone target not found
Refreshing native plugins compatible for Editor in 106.71 ms, found 3 plugins.
Preloading 0 native plugins for Editor in 0.00 ms.
Mono: successfully reloaded assembly
- Completed reload, in  0.785 seconds
Domain Reload Profiling:
	ReloadAssembly (786ms)
		BeginReloadAssembly (108ms)
			ExecutionOrderSort (0ms)
			DisableScriptedObjects (0ms)
			BackupInstance (0ms)
			ReleaseScriptingObjects (0ms)
			CreateAndSetChildDomain (1ms)
		EndReloadAssembly (551ms)
			LoadAssemblies (107ms)
			RebuildTransferFunctionScriptingTraits (0ms)
			SetupTypeCache (116ms)
			ReleaseScriptCaches (0ms)
			RebuildScriptCaches (30ms)
			SetupLoadedEditorAssemblies (346ms)
				LogAssemblyErrors (0ms)
				InitializePlatformSupportModulesInManaged (7ms)
				SetLoadedEditorAssemblies (0ms)
				RefreshPlugins (107ms)
				BeforeProcessingInitializeOnLoad (1ms)
				ProcessInitializeOnLoadAttributes (178ms)
				ProcessInitializeOnLoadMethodAttributes (53ms)
				AfterProcessingInitializeOnLoad (0ms)
				EditorAssembliesLoaded (0ms)
			ExecutionOrderSort2 (0ms)
			AwakeInstancesAfterBackupRestoration (0ms)
Platform modules already initialized, skipping
Registering precompiled user dll's ...
Registered in 0.005630 seconds.
Begin MonoManager ReloadAssembly
Symbol file LoadedFromMemory doesn't match image D:\GitHub\cognition2022\project\Library\PackageCache\com.unity.visualscripting@1.7.8\Editor\VisualScripting.Core\Dependencies\YamlDotNet\Unity.VisualScripting.YamlDotNet.dll
Symbol file LoadedFromMemory doesn't match image D:\GitHub\cognition2022\project\Library\PackageCache\com.unity.visualscripting@1.7.8\Editor\VisualScripting.Core\Dependencies\DotNetZip\Unity.VisualScripting.IonicZip.dll
Native extension for WindowsStandalone target not found
Refreshing native plugins compatible for Editor in 0.71 ms, found 3 plugins.
Preloading 0 native plugins for Editor in 0.00 ms.
Mono: successfully reloaded assembly
- Completed reload, in  1.085 seconds
Domain Reload Profiling:
	ReloadAssembly (1085ms)
		BeginReloadAssembly (136ms)
			ExecutionOrderSort (0ms)
			DisableScriptedObjects (6ms)
			BackupInstance (0ms)
			ReleaseScriptingObjects (0ms)
			CreateAndSetChildDomain (20ms)
		EndReloadAssembly (832ms)
			LoadAssemblies (110ms)
			RebuildTransferFunctionScriptingTraits (0ms)
			SetupTypeCache (281ms)
			ReleaseScriptCaches (1ms)
			RebuildScriptCaches (56ms)
			SetupLoadedEditorAssemblies (373ms)
				LogAssemblyErrors (0ms)
				InitializePlatformSupportModulesInManaged (5ms)
				SetLoadedEditorAssemblies (0ms)
				RefreshPlugins (1ms)
				BeforeProcessingInitializeOnLoad (84ms)
				ProcessInitializeOnLoadAttributes (250ms)
				ProcessInitializeOnLoadMethodAttributes (30ms)
				AfterProcessingInitializeOnLoad (3ms)
				EditorAssembliesLoaded (0ms)
			ExecutionOrderSort2 (0ms)
			AwakeInstancesAfterBackupRestoration (6ms)
Platform modules already initialized, skipping
========================================================================
Worker process is ready to serve import requests
Launched and connected shader compiler UnityShaderCompiler.exe after 0.04 seconds
Refreshing native plugins compatible for Editor in 1.31 ms, found 3 plugins.
Preloading 0 native plugins for Editor in 0.00 ms.
Unloading 3377 Unused Serialized files (Serialized files now loaded: 0)
Unloading 27 unused Assets / (111.4 KB). Loaded Objects now: 3835.
Memory consumption went from 118.8 MB to 118.7 MB.
Total: 3.348000 ms (FindLiveObjects: 0.385200 ms CreateObjectMapping: 0.133500 ms MarkObjects: 2.716800 ms  DeleteObjects: 0.109900 ms)

AssetImportParameters requested are different than current active one (requested -> active):
  custom:video-decoder-ogg-theora: a1e56fd34408186e4bbccfd4996cb3dc -> 
  custom:container-muxer-webm: aa71ff27fc2769a1b78a27578f13a17b -> 
  custom:container-demuxer-webm: 4f35f7cbe854078d1ac9338744f61a02 -> 
  custom:video-encoder-webm-vp8: eb34c28f22e8b96e1ab97ce403110664 -> 
  custom:video-codec-MediaFoundation-h265: 746d11721c4dcdbdad8f713fa42b33f4 -> 
  custom:audio-encoder-webm-vorbis: bf7c407c2cedff20999df2af8eb42d56 -> 
  custom:framework-win-MediaFoundation: 216162199b28c13a410421893ffa2e32 -> 
  custom:container-demuxer-ogg: 62fdf1f143b41e24485cea50d1cbac27 -> 
  custom:video-decoder-webm-vp8: 9c59270c3fd7afecdb556c50c9e8de78 -> 
  custom:audio-decoder-ogg-vorbis: bf7c407c2cedff20999df2af8eb42d56 -> 
========================================================================
Received Import Request.
  Time since last request: 51386.876876 seconds.
  path: Assets/Horror Environment Pack 1 v1.0/!Prefabs/Architectural/Doors/Common_DoorFrame_White.prefab
  artifactKey: Guid(bf07d12a0dfee9e46a6fe0df2e0d0f3e) Importer(815301076,1909f56bfc062723c751e8b465ee728b)
Start importing Assets/Horror Environment Pack 1 v1.0/!Prefabs/Architectural/Doors/Common_DoorFrame_White.prefab using Guid(bf07d12a0dfee9e46a6fe0df2e0d0f3e) Importer(815301076,1909f56bfc062723c751e8b465ee728b)  -> (artifact id: '2e478013208d04096552bb7f694bda4e') in 0.308255 seconds 
========================================================================
Received Import Request.
  Time since last request: 0.000042 seconds.
  path: Assets/Horror Environment Pack 1 v1.0/!Prefabs/Architectural/Hall_Props/Hall_Wall_6M_1Side.prefab
  artifactKey: Guid(2a0e93f1c47975a4c9441aa6b08911c0) Importer(815301076,1909f56bfc062723c751e8b465ee728b)
Start importing Assets/Horror Environment Pack 1 v1.0/!Prefabs/Architectural/Hall_Props/Hall_Wall_6M_1Side.prefab using Guid(2a0e93f1c47975a4c9441aa6b08911c0) Importer(815301076,1909f56bfc062723c751e8b465ee728b)  -> (artifact id: '0c54924a5a712da66c90969576f64071') in 0.026452 seconds 
========================================================================
Received Import Request.
  Time since last request: 0.000034 seconds.
  path: Assets/Horror Environment Pack 1 v1.0/!Prefabs/Architectural/Doors/Door_Old_Metal.prefab
  artifactKey: Guid(b3d9a50dc7a8fed4b90ec238d35cf8c6) Importer(815301076,1909f56bfc062723c751e8b465ee728b)
Start importing Assets/Horror Environment Pack 1 v1.0/!Prefabs/Architectural/Doors/Door_Old_Metal.prefab using Guid(b3d9a50dc7a8fed4b90ec238d35cf8c6) Importer(815301076,1909f56bfc062723c751e8b465ee728b)  -> (artifact id: 'ea11e975d152792c6fecd72361ed8ca4') in 0.027118 seconds 
========================================================================
Received Import Request.
  Time since last request: 0.000030 seconds.
  path: Assets/Horror Environment Pack 1 v1.0/!Prefabs/Architectural/Hall_Props/Hall_Doorway_3M_Connector.prefab
  artifactKey: Guid(34a4a4e6ee9690e4297e675c7dddefc8) Importer(815301076,1909f56bfc062723c751e8b465ee728b)
Start importing Assets/Horror Environment Pack 1 v1.0/!Prefabs/Architectural/Hall_Props/Hall_Doorway_3M_Connector.prefab using Guid(34a4a4e6ee9690e4297e675c7dddefc8) Importer(815301076,1909f56bfc062723c751e8b465ee728b)  -> (artifact id: 'acab22d66e8efaded67dbc2c97a027b1') in 0.024035 seconds 
========================================================================
Received Import Request.
  Time since last request: 0.000029 seconds.
  path: Assets/Horror Environment Pack 1 v1.0/!Prefabs/Architectural/Hall_Props/Hall_Wall_Corner_6M_T.prefab
  artifactKey: Guid(3f3417d004a20e34c880a8301537165c) Importer(815301076,1909f56bfc062723c751e8b465ee728b)
Start importing Assets/Horror Environment Pack 1 v1.0/!Prefabs/Architectural/Hall_Props/Hall_Wall_Corner_6M_T.prefab using Guid(3f3417d004a20e34c880a8301537165c) Importer(815301076,1909f56bfc062723c751e8b465ee728b)  -> (artifact id: 'e6a990d2c865c057422069f537a68c4d') in 0.033222 seconds 
========================================================================
Received Import Request.
  Time since last request: 0.000039 seconds.
  path: Assets/Horror Environment Pack 1 v1.0/!Prefabs/Architectural/Hall_Props/Hall_Archway.prefab
  artifactKey: Guid(268436637472401468769836a68185ef) Importer(815301076,1909f56bfc062723c751e8b465ee728b)
Start importing Assets/Horror Environment Pack 1 v1.0/!Prefabs/Architectural/Hall_Props/Hall_Archway.prefab using Guid(268436637472401468769836a68185ef) Importer(815301076,1909f56bfc062723c751e8b465ee728b)  -> (artifact id: 'bee0b322b088bd9aeaca510fad3b6710') in 0.028000 seconds 
========================================================================
Received Import Request.
  Time since last request: 0.000028 seconds.
  path: Assets/Horror Environment Pack 1 v1.0/!Prefabs/Architectural/Hall_Props/Hall_Wall_Corner_3M_T.prefab
  artifactKey: Guid(65a50a53d50ca244bb1d7e79df44f2bb) Importer(815301076,1909f56bfc062723c751e8b465ee728b)
Start importing Assets/Horror Environment Pack 1 v1.0/!Prefabs/Architectural/Hall_Props/Hall_Wall_Corner_3M_T.prefab using Guid(65a50a53d50ca244bb1d7e79df44f2bb) Importer(815301076,1909f56bfc062723c751e8b465ee728b)  -> (artifact id: '58e41a08248466871b4e77e631361709') in 0.031254 seconds 
========================================================================
Received Import Request.
  Time since last request: 0.000038 seconds.
  path: Assets/Horror Environment Pack 1 v1.0/!Prefabs/Architectural/Hall_Props/Hall_Archway_Connector.prefab
  artifactKey: Guid(ca78dd384420c26489c454d67247e37a) Importer(815301076,1909f56bfc062723c751e8b465ee728b)
Start importing Assets/Horror Environment Pack 1 v1.0/!Prefabs/Architectural/Hall_Props/Hall_Archway_Connector.prefab using Guid(ca78dd384420c26489c454d67247e37a) Importer(815301076,1909f56bfc062723c751e8b465ee728b)  -> (artifact id: '9b140e2a0bcc5d874b9cecba646b4c63') in 0.023135 seconds 
========================================================================
Received Import Request.
  Time since last request: 0.000044 seconds.
  path: Assets/Horror Environment Pack 1 v1.0/!Prefabs/Architectural/Doors/Hall_Door_L.prefab
  artifactKey: Guid(aee5d1a85d677ec4ca72e4e82eb2c723) Importer(815301076,1909f56bfc062723c751e8b465ee728b)
Start importing Assets/Horror Environment Pack 1 v1.0/!Prefabs/Architectural/Doors/Hall_Door_L.prefab using Guid(aee5d1a85d677ec4ca72e4e82eb2c723) Importer(815301076,1909f56bfc062723c751e8b465ee728b)  -> (artifact id: 'f8080445dbeff4d50de21522c362ee68') in 0.024312 seconds 
========================================================================
Received Import Request.
  Time since last request: 0.000055 seconds.
  path: Assets/Horror Environment Pack 1 v1.0/!Prefabs/Architectural/Hall_Props/Hall_Clumn_Large_6M.prefab
  artifactKey: Guid(3f3b782a52279ff468774a90452d285d) Importer(815301076,1909f56bfc062723c751e8b465ee728b)
Start importing Assets/Horror Environment Pack 1 v1.0/!Prefabs/Architectural/Hall_Props/Hall_Clumn_Large_6M.prefab using Guid(3f3b782a52279ff468774a90452d285d) Importer(815301076,1909f56bfc062723c751e8b465ee728b)  -> (artifact id: '3b7d739c08d790dd923dea79ec4ef002') in 0.027177 seconds 
========================================================================
Received Import Request.
  Time since last request: 0.000034 seconds.
  path: Assets/Horror Environment Pack 1 v1.0/!Prefabs/Architectural/Hall_Props/Hall_Ceiling_Deco.prefab
  artifactKey: Guid(4fb7ab21ec95ce144983ac7009c97f2b) Importer(815301076,1909f56bfc062723c751e8b465ee728b)
Start importing Assets/Horror Environment Pack 1 v1.0/!Prefabs/Architectural/Hall_Props/Hall_Ceiling_Deco.prefab using Guid(4fb7ab21ec95ce144983ac7009c97f2b) Importer(815301076,1909f56bfc062723c751e8b465ee728b)  -> (artifact id: '09ac3f766c9c28d19fa47b8d34b2f2da') in 0.024502 seconds 
========================================================================
Received Import Request.
  Time since last request: 0.000031 seconds.
  path: Assets/Horror Environment Pack 1 v1.0/!Prefabs/Architectural/Doors/Hall_Door_R.prefab
  artifactKey: Guid(9fea3761fb3967a47a85afd37f733575) Importer(815301076,1909f56bfc062723c751e8b465ee728b)
Start importing Assets/Horror Environment Pack 1 v1.0/!Prefabs/Architectural/Doors/Hall_Door_R.prefab using Guid(9fea3761fb3967a47a85afd37f733575) Importer(815301076,1909f56bfc062723c751e8b465ee728b)  -> (artifact id: '61db1c9afd8db763626b2a2fde4c0e5c') in 0.025213 seconds 
========================================================================
Received Import Request.
  Time since last request: 0.000026 seconds.
  path: Assets/Horror Environment Pack 1 v1.0/!Prefabs/Architectural/Hall_Props/Hall_Doorway_3M_Large_WDoors.prefab
  artifactKey: Guid(7e4f6561969365d4b9edfc76cd8c1219) Importer(815301076,1909f56bfc062723c751e8b465ee728b)
Start importing Assets/Horror Environment Pack 1 v1.0/!Prefabs/Architectural/Hall_Props/Hall_Doorway_3M_Large_WDoors.prefab using Guid(7e4f6561969365d4b9edfc76cd8c1219) Importer(815301076,1909f56bfc062723c751e8b465ee728b)  -> (artifact id: 'f844536d74d72c25e5c35a93f4db8707') in 0.024061 seconds 
========================================================================
Received Import Request.
  Time since last request: 0.000033 seconds.
  path: Assets/Horror Environment Pack 1 v1.0/!Prefabs/Architectural/Hall_Props/Hall_Wall_3M_1Sided.prefab
  artifactKey: Guid(8750bb0f6769dd04bb115f4ac2b7a252) Importer(815301076,1909f56bfc062723c751e8b465ee728b)
Start importing Assets/Horror Environment Pack 1 v1.0/!Prefabs/Architectural/Hall_Props/Hall_Wall_3M_1Sided.prefab using Guid(8750bb0f6769dd04bb115f4ac2b7a252) Importer(815301076,1909f56bfc062723c751e8b465ee728b)  -> (artifact id: '46f6b88eaf6cd32c2ad07f832c826c40') in 0.028515 seconds 
========================================================================
Received Import Request.
  Time since last request: 0.000032 seconds.
  path: Assets/Horror Environment Pack 1 v1.0/!Prefabs/Architectural/Hall_Props/Hall_Ceiling_Bulkhead_Thin.prefab
  artifactKey: Guid(fb075a25ce065bb44a86615cd5fac4cb) Importer(815301076,1909f56bfc062723c751e8b465ee728b)
Start importing Assets/Horror Environment Pack 1 v1.0/!Prefabs/Architectural/Hall_Props/Hall_Ceiling_Bulkhead_Thin.prefab using Guid(fb075a25ce065bb44a86615cd5fac4cb) Importer(815301076,1909f56bfc062723c751e8b465ee728b)  -> (artifact id: '52b655276e290312602570ebb01d99c0') in 0.028683 seconds 
========================================================================
Received Import Request.
  Time since last request: 0.000041 seconds.
  path: Assets/Horror Environment Pack 1 v1.0/!Prefabs/Architectural/Hall_Props/Hall_Wall_Corner_3M.prefab
  artifactKey: Guid(d1d141ff7798e9947ae3167e47e86440) Importer(815301076,1909f56bfc062723c751e8b465ee728b)
Start importing Assets/Horror Environment Pack 1 v1.0/!Prefabs/Architectural/Hall_Props/Hall_Wall_Corner_3M.prefab using Guid(d1d141ff7798e9947ae3167e47e86440) Importer(815301076,1909f56bfc062723c751e8b465ee728b)  -> (artifact id: '85c701fd88e2b28dbdbdcb8d6eb61189') in 0.025340 seconds 
========================================================================
Received Import Request.
  Time since last request: 0.000059 seconds.
  path: Assets/Horror Environment Pack 1 v1.0/!Prefabs/Architectural/Hall_Props/Hall_Wood_Plank.prefab
  artifactKey: Guid(e355e0d1c42c92747a1e071a1ef0716b) Importer(815301076,1909f56bfc062723c751e8b465ee728b)
Start importing Assets/Horror Environment Pack 1 v1.0/!Prefabs/Architectural/Hall_Props/Hall_Wood_Plank.prefab using Guid(e355e0d1c42c92747a1e071a1ef0716b) Importer(815301076,1909f56bfc062723c751e8b465ee728b)  -> (artifact id: 'e1d0e99cd8855544e435ebfda4c41579') in 0.025687 seconds 
========================================================================
Received Import Request.
  Time since last request: 0.000033 seconds.
  path: Assets/Horror Environment Pack 1 v1.0/!Prefabs/Architectural/Hall_Props/Hall_Wall_Corner_6M_Out.prefab
  artifactKey: Guid(28eab65c16249f1469a370e4f972e1b0) Importer(815301076,1909f56bfc062723c751e8b465ee728b)
Start importing Assets/Horror Environment Pack 1 v1.0/!Prefabs/Architectural/Hall_Props/Hall_Wall_Corner_6M_Out.prefab using Guid(28eab65c16249f1469a370e4f972e1b0) Importer(815301076,1909f56bfc062723c751e8b465ee728b)  -> (artifact id: '0e5312161aa08d2d8c3661e9f3493e21') in 0.029570 seconds 
========================================================================
Received Import Request.
  Time since last request: 0.000067 seconds.
  path: Assets/Horror Environment Pack 1 v1.0/!Prefabs/Architectural/Hall_Props/Hall_Floor_2nd_Floor.prefab
  artifactKey: Guid(41ce294f5f976d04b952f3beeaa2566d) Importer(815301076,1909f56bfc062723c751e8b465ee728b)
Start importing Assets/Horror Environment Pack 1 v1.0/!Prefabs/Architectural/Hall_Props/Hall_Floor_2nd_Floor.prefab using Guid(41ce294f5f976d04b952f3beeaa2566d) Importer(815301076,1909f56bfc062723c751e8b465ee728b)  -> (artifact id: '77bb27a86f0bf8fa009bb234c8170414') in 0.029123 seconds 
========================================================================
Received Import Request.
  Time since last request: 0.000042 seconds.
  path: Assets/Horror Environment Pack 1 v1.0/!Prefabs/Architectural/Hall_Props/Hall_Wall_Middle_Element_2M.prefab
  artifactKey: Guid(b3c9b6a50fd0d484fa4337a79c0c75c6) Importer(815301076,1909f56bfc062723c751e8b465ee728b)
Start importing Assets/Horror Environment Pack 1 v1.0/!Prefabs/Architectural/Hall_Props/Hall_Wall_Middle_Element_2M.prefab using Guid(b3c9b6a50fd0d484fa4337a79c0c75c6) Importer(815301076,1909f56bfc062723c751e8b465ee728b)  -> (artifact id: 'bc3fffc6312e3fc8594f7fb48368796e') in 0.030139 seconds 
========================================================================
Received Import Request.
  Time since last request: 0.000047 seconds.
  path: Assets/Horror Environment Pack 1 v1.0/!Prefabs/Architectural/Hall_Props/Hall_Wall_Corner_6M_In.prefab
  artifactKey: Guid(432a66d8aa999cf49862663ae5aa3320) Importer(815301076,1909f56bfc062723c751e8b465ee728b)
Start importing Assets/Horror Environment Pack 1 v1.0/!Prefabs/Architectural/Hall_Props/Hall_Wall_Corner_6M_In.prefab using Guid(432a66d8aa999cf49862663ae5aa3320) Importer(815301076,1909f56bfc062723c751e8b465ee728b)  -> (artifact id: '7887acbd2e11a319aff8a896d74f22a7') in 0.028431 seconds 
========================================================================
Received Import Request.
  Time since last request: 0.000055 seconds.
  path: Assets/Horror Environment Pack 1 v1.0/!Prefabs/Architectural/Hall_Props/Hall_Railing.prefab
  artifactKey: Guid(8639e04b173e4454e9ae157d65f41a93) Importer(815301076,1909f56bfc062723c751e8b465ee728b)
Start importing Assets/Horror Environment Pack 1 v1.0/!Prefabs/Architectural/Hall_Props/Hall_Railing.prefab using Guid(8639e04b173e4454e9ae157d65f41a93) Importer(815301076,1909f56bfc062723c751e8b465ee728b)  -> (artifact id: '0cfbd9e1a27f11efedbf7e65c778252b') in 0.029315 seconds 
========================================================================
Received Import Request.
  Time since last request: 0.000032 seconds.
  path: Assets/Horror Environment Pack 1 v1.0/!Prefabs/Architectural/Hall_Props/Hall_Colum_3M.prefab
  artifactKey: Guid(7726e4431833fac41bd053779b735305) Importer(815301076,1909f56bfc062723c751e8b465ee728b)
Start importing Assets/Horror Environment Pack 1 v1.0/!Prefabs/Architectural/Hall_Props/Hall_Colum_3M.prefab using Guid(7726e4431833fac41bd053779b735305) Importer(815301076,1909f56bfc062723c751e8b465ee728b)  -> (artifact id: '6dc4ce5ac6cc6ec1b32331b4268f9016') in 0.029406 seconds 
========================================================================
Received Import Request.
  Time since last request: 0.000073 seconds.
  path: Assets/Horror Environment Pack 1 v1.0/!Prefabs/Architectural/Hall_Props/Hall_Window_Small_Element.prefab
  artifactKey: Guid(852e769e23c59dd4191c2ea0a7e5c870) Importer(815301076,1909f56bfc062723c751e8b465ee728b)
Start importing Assets/Horror Environment Pack 1 v1.0/!Prefabs/Architectural/Hall_Props/Hall_Window_Small_Element.prefab using Guid(852e769e23c59dd4191c2ea0a7e5c870) Importer(815301076,1909f56bfc062723c751e8b465ee728b)  -> (artifact id: '6a4a48a1aeeb63f9d2b815fefff5fad6') in 0.540312 seconds 
Editor requested this worker to shutdown with reason: Scaling down because of idle timeout
AssetImportWorker is now disconnected from the server
Process exiting
Exiting without the bug reporter. Application will terminate with return code 0